
ROM used:   444/32768 (1%)
            448/32768 (1%) including unused fragments

            0.5 Average locations per line
            11.1 Average locations per statement

RAM used:   8/2048 (0%) at main() level
            9/2048 (0%) worst case

Stack used: 1 worst case (1 in main + 0 for interrupts)
Stack size: 31

Lines Stmts  %   Files
----- ----- ---  -----
   83    40 100  Motor DC + Driver L298N.c
  877     0   0  ..\..\..\..\..\..\..\..\..\..\Program Files (x86)\PICCDEMO\Devices\18F4550.h
----- -----
  960    40 Total

Page ROM  %  RAM    Vol Diff  Functions:
---- --- --- ---    --- ----  ----------
0     40   5    1             @delay_ms1
0    400  45    1   1232  6.4  main
 Inline         0    359  2.8  @cinit1

Program metrics:
    Functions               2
    Statements              40
    Comments                202
    Volume (V)              1806
    Difficulty (D)          9.1
    Effort to implement (E) 16457
    Time to implement (T)   15 minutes
    Est Delivered Bugs (B)  0
    Cyclomatic Complexity   1
    Maintainability (MI)    94

 Segment     Used  Free
-----------  ----  ----
00000-01FFE     0  8192  
02000-02006     4  4  
02008-07FFE   440  24128  



